# JRE version: Java(TM) SE Runtime Environment (24.0.1+9) (build 24.0.1+9-30)
# Java VM: Java HotSpot(TM) 64-Bit Server VM (24.0.1+9-30, mixed mode, sharing, tiered, compressed oops, compressed class ptrs, g1 gc, windows-amd64)
GC Precious Log:
 CardTable entry size: 512
 Card Set container configuration: InlinePtr #cards 5 size 8 Array Of Cards #cards 10 size 36 Howl #buckets 4 coarsen threshold 1843 Howl Bitmap #cards 512 size 80 coarsen threshold 460 Card regions per heap region 1 cards per card region 2048
 CPUs: 8 total, 8 available
 Memory: 7998M
 Large Page Support: Disabled
 NUMA Support: Disabled
 Compressed Oops: Enabled (32-bit)
 Heap Region Size: 1M
 Heap Min Capacity: 8M
 Heap Initial Capacity: 126M
 Heap Max Capacity: 2000M
 Pre-touch: Disabled
 Parallel Workers: 8
 Concurrent Workers: 2
 Concurrent Refinement Workers: 8
 Periodic GC: Disabled
Heap:
 garbage-first heap   total reserved 2048000K, committed 73728K, used 61440K [0x0000000083000000, 0x0000000100000000)
  region size 1024K, 34 young (34816K), 4 survivors (4096K)
 Metaspace       used 49289K, committed 49984K, reserved 1114112K
  class space    used 5449K, committed 5760K, reserved 1048576K
GC Heap History (16 events):
Event: 3.554 GC heap before
{Heap before GC invocations=0 (full 0):
 garbage-first heap   total reserved 2048000K, committed 131072K, used 54388K [0x0000000083000000, 0x0000000100000000)
  region size 1024K, 47 young (48128K), 0 survivors (0K)
 Metaspace       used 9895K, committed 10176K, reserved 1114112K
  class space    used 967K, committed 1088K, reserved 1048576K
}
Event: 3.578 GC heap after
{Heap after GC invocations=1 (full 0):
 garbage-first heap   total reserved 2048000K, committed 131072K, used 12404K [0x0000000083000000, 0x0000000100000000)
  region size 1024K, 6 young (6144K), 6 survivors (6144K)
 Metaspace       used 9895K, committed 10176K, reserved 1114112K
  class space    used 967K, committed 1088K, reserved 1048576K
}
Event: 5.885 GC heap before
{Heap before GC invocations=1 (full 0):
 garbage-first heap   total reserved 2048000K, committed 131072K, used 61556K [0x0000000083000000, 0x0000000100000000)
  region size 1024K, 55 young (56320K), 6 survivors (6144K)
 Metaspace       used 20414K, committed 20672K, reserved 1114112K
  class space    used 1989K, committed 2112K, reserved 1048576K
}
Event: 5.909 GC heap after
{Heap after GC invocations=2 (full 0):
 garbage-first heap   total reserved 2048000K, committed 131072K, used 17926K [0x0000000083000000, 0x0000000100000000)
  region size 1024K, 5 young (5120K), 5 survivors (5120K)
 Metaspace       used 20414K, committed 20672K, reserved 1114112K
  class space    used 1989K, committed 2112K, reserved 1048576K
}
Event: 6.427 GC heap before
{Heap before GC invocations=2 (full 0):
 garbage-first heap   total reserved 2048000K, committed 131072K, used 25094K [0x0000000083000000, 0x0000000100000000)
  region size 1024K, 13 young (13312K), 5 survivors (5120K)
 Metaspace       used 21221K, committed 21504K, reserved 1114112K
  class space    used 2064K, committed 2240K, reserved 1048576K
}
Event: 6.439 GC heap after
{Heap after GC invocations=3 (full 0):
 garbage-first heap   total reserved 2048000K, committed 131072K, used 18809K [0x0000000083000000, 0x0000000100000000)
  region size 1024K, 2 young (2048K), 2 survivors (2048K)
 Metaspace       used 21221K, committed 21504K, reserved 1114112K
  class space    used 2064K, committed 2240K, reserved 1048576K
}
Event: 9.416 GC heap before
{Heap before GC invocations=4 (full 0):
 garbage-first heap   total reserved 2048000K, committed 68608K, used 66937K [0x0000000083000000, 0x0000000100000000)
  region size 1024K, 48 young (49152K), 2 survivors (2048K)
 Metaspace       used 29543K, committed 29824K, reserved 1114112K
  class space    used 3141K, committed 3264K, reserved 1048576K
}
Event: 9.436 GC heap after
{Heap after GC invocations=5 (full 0):
 garbage-first heap   total reserved 2048000K, committed 73728K, used 22243K [0x0000000083000000, 0x0000000100000000)
  region size 1024K, 5 young (5120K), 5 survivors (5120K)
 Metaspace       used 29543K, committed 29824K, reserved 1114112K
  class space    used 3141K, committed 3264K, reserved 1048576K
}
Event: 10.977 GC heap before
{Heap before GC invocations=5 (full 0):
 garbage-first heap   total reserved 2048000K, committed 73728K, used 52963K [0x0000000083000000, 0x0000000100000000)
  region size 1024K, 36 young (36864K), 5 survivors (5120K)
 Metaspace       used 35550K, committed 35968K, reserved 1114112K
  class space    used 3937K, committed 4160K, reserved 1048576K
}
Event: 10.993 GC heap after
{Heap after GC invocations=6 (full 0):
 garbage-first heap   total reserved 2048000K, committed 73728K, used 24781K [0x0000000083000000, 0x0000000100000000)
  region size 1024K, 3 young (3072K), 3 survivors (3072K)
 Metaspace       used 35550K, committed 35968K, reserved 1114112K
  class space    used 3937K, committed 4160K, reserved 1048576K
}
Event: 11.155 GC heap before
{Heap before GC invocations=6 (full 0):
 garbage-first heap   total reserved 2048000K, committed 73728K, used 25805K [0x0000000083000000, 0x0000000100000000)
  region size 1024K, 5 young (5120K), 3 survivors (3072K)
 Metaspace       used 35858K, committed 36288K, reserved 1114112K
  class space    used 3974K, committed 4160K, reserved 1048576K
}
Event: 11.159 GC heap after
{Heap after GC invocations=7 (full 0):
 garbage-first heap   total reserved 2048000K, committed 73728K, used 24767K [0x0000000083000000, 0x0000000100000000)
  region size 1024K, 3 young (3072K), 3 survivors (3072K)
 Metaspace       used 35858K, committed 36288K, reserved 1114112K
  class space    used 3974K, committed 4160K, reserved 1048576K
}
Event: 13.617 GC heap before
{Heap before GC invocations=8 (full 0):
 garbage-first heap   total reserved 2048000K, committed 73728K, used 58559K [0x0000000083000000, 0x0000000100000000)
  region size 1024K, 36 young (36864K), 3 survivors (3072K)
 Metaspace       used 41070K, committed 41536K, reserved 1114112K
  class space    used 4610K, committed 4800K, reserved 1048576K
}
Event: 13.625 GC heap after
{Heap after GC invocations=9 (full 0):
 garbage-first heap   total reserved 2048000K, committed 73728K, used 28137K [0x0000000083000000, 0x0000000100000000)
  region size 1024K, 5 young (5120K), 5 survivors (5120K)
 Metaspace       used 41070K, committed 41536K, reserved 1114112K
  class space    used 4610K, committed 4800K, reserved 1048576K
}
Event: 15.484 GC heap before
{Heap before GC invocations=9 (full 0):
 garbage-first heap   total reserved 2048000K, committed 73728K, used 59881K [0x0000000083000000, 0x0000000100000000)
  region size 1024K, 37 young (37888K), 5 survivors (5120K)
 Metaspace       used 47201K, committed 47680K, reserved 1114112K
  class space    used 5310K, committed 5504K, reserved 1048576K
}
Event: 15.493 GC heap after
{Heap after GC invocations=10 (full 0):
 garbage-first heap   total reserved 2048000K, committed 73728K, used 31744K [0x0000000083000000, 0x0000000100000000)
  region size 1024K, 4 young (4096K), 4 survivors (4096K)
 Metaspace       used 47201K, committed 47680K, reserved 1114112K
  class space    used 5310K, committed 5504K, reserved 1048576K
}

