# JRE version: Java(TM) SE Runtime Environment (24.0.1+9) (build 24.0.1+9-30)
# Java VM: Java HotSpot(TM) 64-Bit Server VM (24.0.1+9-30, mixed mode, sharing, tiered, compressed oops, compressed class ptrs, g1 gc, windows-amd64)
GC Precious Log:
 CardTable entry size: 512
 Card Set container configuration: InlinePtr #cards 5 size 8 Array Of Cards #cards 10 size 36 Howl #buckets 4 coarsen threshold 1843 Howl Bitmap #cards 512 size 80 coarsen threshold 460 Card regions per heap region 1 cards per card region 2048
 CPUs: 8 total, 8 available
 Memory: 7998M
 Large Page Support: Disabled
 NUMA Support: Disabled
 Compressed Oops: Enabled (32-bit)
 Heap Region Size: 1M
 Heap Min Capacity: 8M
 Heap Initial Capacity: 126M
 Heap Max Capacity: 2000M
 Pre-touch: Disabled
 Parallel Workers: 8
 Concurrent Workers: 2
 Concurrent Refinement Workers: 8
 Periodic GC: Disabled
Heap:
 garbage-first heap   total reserved 2048000K, committed 110592K, used 73173K [0x0000000083000000, 0x0000000100000000)
  region size 1024K, 20 young (20480K), 3 survivors (3072K)
 Metaspace       used 100495K, committed 101376K, reserved 1179648K
  class space    used 10754K, committed 11136K, reserved 1048576K
GC Heap History (20 events):
Event: 22.555 GC heap before
{Heap before GC invocations=17 (full 0):
 garbage-first heap   total reserved 2048000K, committed 92160K, used 81458K [0x0000000083000000, 0x0000000100000000)
  region size 1024K, 43 young (44032K), 5 survivors (5120K)
 Metaspace       used 74814K, committed 75392K, reserved 1179648K
  class space    used 7794K, committed 8064K, reserved 1048576K
}
Event: 22.565 GC heap after
{Heap after GC invocations=18 (full 0):
 garbage-first heap   total reserved 2048000K, committed 92160K, used 45161K [0x0000000083000000, 0x0000000100000000)
  region size 1024K, 5 young (5120K), 5 survivors (5120K)
 Metaspace       used 74814K, committed 75392K, reserved 1179648K
  class space    used 7794K, committed 8064K, reserved 1048576K
}
Event: 23.135 GC heap before
{Heap before GC invocations=18 (full 0):
 garbage-first heap   total reserved 2048000K, committed 92160K, used 81001K [0x0000000083000000, 0x0000000100000000)
  region size 1024K, 40 young (40960K), 5 survivors (5120K)
 Metaspace       used 75682K, committed 76352K, reserved 1179648K
  class space    used 7902K, committed 8192K, reserved 1048576K
}
Event: 23.145 GC heap after
{Heap after GC invocations=19 (full 0):
 garbage-first heap   total reserved 2048000K, committed 92160K, used 46910K [0x0000000083000000, 0x0000000100000000)
  region size 1024K, 5 young (5120K), 5 survivors (5120K)
 Metaspace       used 75682K, committed 76352K, reserved 1179648K
  class space    used 7902K, committed 8192K, reserved 1048576K
}
Event: 23.905 GC heap before
{Heap before GC invocations=20 (full 0):
 garbage-first heap   total reserved 2048000K, committed 92160K, used 80702K [0x0000000083000000, 0x0000000100000000)
  region size 1024K, 38 young (38912K), 5 survivors (5120K)
 Metaspace       used 76521K, committed 77120K, reserved 1179648K
  class space    used 8041K, committed 8320K, reserved 1048576K
}
Event: 23.911 GC heap after
{Heap after GC invocations=21 (full 0):
 garbage-first heap   total reserved 2048000K, committed 92160K, used 48501K [0x0000000083000000, 0x0000000100000000)
  region size 1024K, 4 young (4096K), 4 survivors (4096K)
 Metaspace       used 76521K, committed 77120K, reserved 1179648K
  class space    used 8041K, committed 8320K, reserved 1048576K
}
Event: 24.489 GC heap before
{Heap before GC invocations=21 (full 0):
 garbage-first heap   total reserved 2048000K, committed 92160K, used 82293K [0x0000000083000000, 0x0000000100000000)
  region size 1024K, 37 young (37888K), 4 survivors (4096K)
 Metaspace       used 77047K, committed 77696K, reserved 1179648K
  class space    used 8116K, committed 8384K, reserved 1048576K
}
Event: 24.498 GC heap after
{Heap after GC invocations=22 (full 0):
 garbage-first heap   total reserved 2048000K, committed 92160K, used 49861K [0x0000000083000000, 0x0000000100000000)
  region size 1024K, 4 young (4096K), 4 survivors (4096K)
 Metaspace       used 77047K, committed 77696K, reserved 1179648K
  class space    used 8116K, committed 8384K, reserved 1048576K
}
Event: 25.129 GC heap before
{Heap before GC invocations=22 (full 0):
 garbage-first heap   total reserved 2048000K, committed 92160K, used 82629K [0x0000000083000000, 0x0000000100000000)
  region size 1024K, 36 young (36864K), 4 survivors (4096K)
 Metaspace       used 77680K, committed 78336K, reserved 1179648K
  class space    used 8210K, committed 8512K, reserved 1048576K
}
Event: 25.135 GC heap after
{Heap after GC invocations=23 (full 0):
 garbage-first heap   total reserved 2048000K, committed 92160K, used 51423K [0x0000000083000000, 0x0000000100000000)
  region size 1024K, 4 young (4096K), 4 survivors (4096K)
 Metaspace       used 77680K, committed 78336K, reserved 1179648K
  class space    used 8210K, committed 8512K, reserved 1048576K
}
Event: 25.706 GC heap before
{Heap before GC invocations=24 (full 0):
 garbage-first heap   total reserved 2048000K, committed 92160K, used 82143K [0x0000000083000000, 0x0000000100000000)
  region size 1024K, 34 young (34816K), 4 survivors (4096K)
 Metaspace       used 78740K, committed 79360K, reserved 1179648K
  class space    used 8376K, committed 8640K, reserved 1048576K
}
Event: 25.713 GC heap after
{Heap after GC invocations=25 (full 0):
 garbage-first heap   total reserved 2048000K, committed 92160K, used 52662K [0x0000000083000000, 0x0000000100000000)
  region size 1024K, 3 young (3072K), 3 survivors (3072K)
 Metaspace       used 78740K, committed 79360K, reserved 1179648K
  class space    used 8376K, committed 8640K, reserved 1048576K
}
Event: 26.263 GC heap before
{Heap before GC invocations=25 (full 0):
 garbage-first heap   total reserved 2048000K, committed 92160K, used 83382K [0x0000000083000000, 0x0000000100000000)
  region size 1024K, 33 young (33792K), 3 survivors (3072K)
 Metaspace       used 79358K, committed 80064K, reserved 1179648K
  class space    used 8440K, committed 8768K, reserved 1048576K
}
Event: 26.271 GC heap after
{Heap after GC invocations=26 (full 0):
 garbage-first heap   total reserved 2048000K, committed 92160K, used 53886K [0x0000000083000000, 0x0000000100000000)
  region size 1024K, 5 young (5120K), 5 survivors (5120K)
 Metaspace       used 79358K, committed 80064K, reserved 1179648K
  class space    used 8440K, committed 8768K, reserved 1048576K
}
Event: 27.273 GC heap before
{Heap before GC invocations=26 (full 0):
 garbage-first heap   total reserved 2048000K, committed 92160K, used 81534K [0x0000000083000000, 0x0000000100000000)
  region size 1024K, 32 young (32768K), 5 survivors (5120K)
 Metaspace       used 81389K, committed 82112K, reserved 1179648K
  class space    used 8652K, committed 8960K, reserved 1048576K
}
Event: 27.282 GC heap after
{Heap after GC invocations=27 (full 0):
 garbage-first heap   total reserved 2048000K, committed 110592K, used 53977K [0x0000000083000000, 0x0000000100000000)
  region size 1024K, 3 young (3072K), 3 survivors (3072K)
 Metaspace       used 81389K, committed 82112K, reserved 1179648K
  class space    used 8652K, committed 8960K, reserved 1048576K
}
Event: 29.207 GC heap before
{Heap before GC invocations=28 (full 0):
 garbage-first heap   total reserved 2048000K, committed 110592K, used 101081K [0x0000000083000000, 0x0000000100000000)
  region size 1024K, 49 young (50176K), 3 survivors (3072K)
 Metaspace       used 88599K, committed 89408K, reserved 1179648K
  class space    used 9480K, committed 9856K, reserved 1048576K
}
Event: 29.218 GC heap after
{Heap after GC invocations=29 (full 0):
 garbage-first heap   total reserved 2048000K, committed 110592K, used 58159K [0x0000000083000000, 0x0000000100000000)
  region size 1024K, 7 young (7168K), 7 survivors (7168K)
 Metaspace       used 88599K, committed 89408K, reserved 1179648K
  class space    used 9480K, committed 9856K, reserved 1048576K
}
Event: 88.820 GC heap before
{Heap before GC invocations=29 (full 0):
 garbage-first heap   total reserved 2048000K, committed 110592K, used 96047K [0x0000000083000000, 0x0000000100000000)
  region size 1024K, 45 young (46080K), 7 survivors (7168K)
 Metaspace       used 97676K, committed 98560K, reserved 1179648K
  class space    used 10413K, committed 10816K, reserved 1048576K
}
Event: 88.830 GC heap after
{Heap after GC invocations=30 (full 0):
 garbage-first heap   total reserved 2048000K, committed 110592K, used 57813K [0x0000000083000000, 0x0000000100000000)
  region size 1024K, 3 young (3072K), 3 survivors (3072K)
 Metaspace       used 97676K, committed 98560K, reserved 1179648K
  class space    used 10413K, committed 10816K, reserved 1048576K
}

