# JRE version: Java(TM) SE Runtime Environment (24.0.1+9) (build 24.0.1+9-30)
# Java VM: Java HotSpot(TM) 64-Bit Server VM (24.0.1+9-30, mixed mode, sharing, tiered, compressed oops, compressed class ptrs, g1 gc, windows-amd64)
GC Precious Log:
 CardTable entry size: 512
 Card Set container configuration: InlinePtr #cards 5 size 8 Array Of Cards #cards 10 size 36 Howl #buckets 4 coarsen threshold 1843 Howl Bitmap #cards 512 size 80 coarsen threshold 460 Card regions per heap region 1 cards per card region 2048
 CPUs: 8 total, 8 available
 Memory: 7998M
 Large Page Support: Disabled
 NUMA Support: Disabled
 Compressed Oops: Enabled (32-bit)
 Heap Region Size: 1M
 Heap Min Capacity: 8M
 Heap Initial Capacity: 126M
 Heap Max Capacity: 2000M
 Pre-touch: Disabled
 Parallel Workers: 8
 Concurrent Workers: 2
 Concurrent Refinement Workers: 8
 Periodic GC: Disabled
Heap:
 garbage-first heap   total reserved 2048000K, committed 82944K, used 59965K [0x0000000083000000, 0x0000000100000000)
  region size 1024K, 27 young (27648K), 3 survivors (3072K)
 Metaspace       used 56910K, committed 57536K, reserved 1114112K
  class space    used 6357K, committed 6656K, reserved 1048576K
GC Heap History (20 events):
Event: 3.137 GC heap before
{Heap before GC invocations=1 (full 0):
 garbage-first heap   total reserved 2048000K, committed 131072K, used 70089K [0x0000000083000000, 0x0000000100000000)
  region size 1024K, 55 young (56320K), 6 survivors (6144K)
 Metaspace       used 19082K, committed 19328K, reserved 1114112K
  class space    used 1952K, committed 2048K, reserved 1048576K
}
Event: 3.148 GC heap after
{Heap after GC invocations=2 (full 0):
 garbage-first heap   total reserved 2048000K, committed 131072K, used 15846K [0x0000000083000000, 0x0000000100000000)
  region size 1024K, 3 young (3072K), 3 survivors (3072K)
 Metaspace       used 19082K, committed 19328K, reserved 1114112K
  class space    used 1952K, committed 2048K, reserved 1048576K
}
Event: 3.317 GC heap before
{Heap before GC invocations=2 (full 0):
 garbage-first heap   total reserved 2048000K, committed 131072K, used 26086K [0x0000000083000000, 0x0000000100000000)
  region size 1024K, 14 young (14336K), 3 survivors (3072K)
 Metaspace       used 21258K, committed 21504K, reserved 1114112K
  class space    used 2198K, committed 2304K, reserved 1048576K
}
Event: 3.321 GC heap after
{Heap after GC invocations=3 (full 0):
 garbage-first heap   total reserved 2048000K, committed 131072K, used 16487K [0x0000000083000000, 0x0000000100000000)
  region size 1024K, 4 young (4096K), 4 survivors (4096K)
 Metaspace       used 21258K, committed 21504K, reserved 1114112K
  class space    used 2198K, committed 2304K, reserved 1048576K
}
Event: 4.788 GC heap before
{Heap before GC invocations=4 (full 0):
 garbage-first heap   total reserved 2048000K, committed 61440K, used 59495K [0x0000000083000000, 0x0000000100000000)
  region size 1024K, 46 young (47104K), 4 survivors (4096K)
 Metaspace       used 25922K, committed 26240K, reserved 1114112K
  class space    used 2679K, committed 2816K, reserved 1048576K
}
Event: 4.796 GC heap after
{Heap after GC invocations=5 (full 0):
 garbage-first heap   total reserved 2048000K, committed 68608K, used 19951K [0x0000000083000000, 0x0000000100000000)
  region size 1024K, 7 young (7168K), 7 survivors (7168K)
 Metaspace       used 25922K, committed 26240K, reserved 1114112K
  class space    used 2679K, committed 2816K, reserved 1048576K
}
Event: 5.679 GC heap before
{Heap before GC invocations=5 (full 0):
 garbage-first heap   total reserved 2048000K, committed 68608K, used 50671K [0x0000000083000000, 0x0000000100000000)
  region size 1024K, 37 young (37888K), 7 survivors (7168K)
 Metaspace       used 32597K, committed 32960K, reserved 1114112K
  class space    used 3423K, committed 3584K, reserved 1048576K
}
Event: 5.694 GC heap after
{Heap after GC invocations=6 (full 0):
 garbage-first heap   total reserved 2048000K, committed 68608K, used 23107K [0x0000000083000000, 0x0000000100000000)
  region size 1024K, 4 young (4096K), 4 survivors (4096K)
 Metaspace       used 32597K, committed 32960K, reserved 1114112K
  class space    used 3423K, committed 3584K, reserved 1048576K
}
Event: 6.380 GC heap before
{Heap before GC invocations=6 (full 0):
 garbage-first heap   total reserved 2048000K, committed 68608K, used 42563K [0x0000000083000000, 0x0000000100000000)
  region size 1024K, 24 young (24576K), 4 survivors (4096K)
 Metaspace       used 35714K, committed 36160K, reserved 1114112K
  class space    used 3840K, committed 4032K, reserved 1048576K
}
Event: 6.388 GC heap after
{Heap after GC invocations=7 (full 0):
 garbage-first heap   total reserved 2048000K, committed 68608K, used 24890K [0x0000000083000000, 0x0000000100000000)
  region size 1024K, 2 young (2048K), 2 survivors (2048K)
 Metaspace       used 35714K, committed 36160K, reserved 1114112K
  class space    used 3840K, committed 4032K, reserved 1048576K
}
Event: 7.373 GC heap before
{Heap before GC invocations=8 (full 0):
 garbage-first heap   total reserved 2048000K, committed 68608K, used 55610K [0x0000000083000000, 0x0000000100000000)
  region size 1024K, 32 young (32768K), 2 survivors (2048K)
 Metaspace       used 40816K, committed 41344K, reserved 1114112K
  class space    used 4484K, committed 4736K, reserved 1048576K
}
Event: 7.390 GC heap after
{Heap after GC invocations=9 (full 0):
 garbage-first heap   total reserved 2048000K, committed 68608K, used 29183K [0x0000000083000000, 0x0000000100000000)
  region size 1024K, 4 young (4096K), 4 survivors (4096K)
 Metaspace       used 40816K, committed 41344K, reserved 1114112K
  class space    used 4484K, committed 4736K, reserved 1048576K
}
Event: 8.244 GC heap before
{Heap before GC invocations=9 (full 0):
 garbage-first heap   total reserved 2048000K, committed 68608K, used 55807K [0x0000000083000000, 0x0000000100000000)
  region size 1024K, 30 young (30720K), 4 survivors (4096K)
 Metaspace       used 46192K, committed 46784K, reserved 1114112K
  class space    used 5166K, committed 5440K, reserved 1048576K
}
Event: 8.257 GC heap after
{Heap after GC invocations=10 (full 0):
 garbage-first heap   total reserved 2048000K, committed 68608K, used 31548K [0x0000000083000000, 0x0000000100000000)
  region size 1024K, 3 young (3072K), 3 survivors (3072K)
 Metaspace       used 46192K, committed 46784K, reserved 1114112K
  class space    used 5166K, committed 5440K, reserved 1048576K
}
Event: 227.419 GC heap before
{Heap before GC invocations=10 (full 0):
 garbage-first heap   total reserved 2048000K, committed 68608K, used 58172K [0x0000000083000000, 0x0000000100000000)
  region size 1024K, 29 young (29696K), 3 survivors (3072K)
 Metaspace       used 51006K, committed 51584K, reserved 1114112K
  class space    used 5705K, committed 5952K, reserved 1048576K
}
Event: 227.449 GC heap after
{Heap after GC invocations=11 (full 0):
 garbage-first heap   total reserved 2048000K, committed 82944K, used 33640K [0x0000000083000000, 0x0000000100000000)
  region size 1024K, 2 young (2048K), 2 survivors (2048K)
 Metaspace       used 51006K, committed 51584K, reserved 1114112K
  class space    used 5705K, committed 5952K, reserved 1048576K
}
Event: 611.180 GC heap before
{Heap before GC invocations=11 (full 0):
 garbage-first heap   total reserved 2048000K, committed 82944K, used 68456K [0x0000000083000000, 0x0000000100000000)
  region size 1024K, 37 young (37888K), 2 survivors (2048K)
 Metaspace       used 55659K, committed 56320K, reserved 1114112K
  class space    used 6294K, committed 6592K, reserved 1048576K
}
Event: 611.268 GC heap after
{Heap after GC invocations=12 (full 0):
 garbage-first heap   total reserved 2048000K, committed 82944K, used 35725K [0x0000000083000000, 0x0000000100000000)
  region size 1024K, 4 young (4096K), 4 survivors (4096K)
 Metaspace       used 55659K, committed 56320K, reserved 1114112K
  class space    used 6294K, committed 6592K, reserved 1048576K
}
Event: 1726.845 GC heap before
{Heap before GC invocations=12 (full 0):
 garbage-first heap   total reserved 2048000K, committed 82944K, used 71565K [0x0000000083000000, 0x0000000100000000)
  region size 1024K, 39 young (39936K), 4 survivors (4096K)
 Metaspace       used 56344K, committed 57024K, reserved 1114112K
  class space    used 6305K, committed 6592K, reserved 1048576K
}
Event: 1726.926 GC heap after
{Heap after GC invocations=13 (full 0):
 garbage-first heap   total reserved 2048000K, committed 82944K, used 36413K [0x0000000083000000, 0x0000000100000000)
  region size 1024K, 3 young (3072K), 3 survivors (3072K)
 Metaspace       used 56344K, committed 57024K, reserved 1114112K
  class space    used 6305K, committed 6592K, reserved 1048576K
}

